<?xml version="1.0" encoding="UTF-8" ?>
<testsuite tests="12" failures="0" name="microservices.book.LeaderboardFeatureTest" time="0.001" errors="0" skipped="0">
  <properties>
    <property name="java.runtime.name" value="Java(TM) SE Runtime Environment"/>
    <property name="java.vm.version" value="11.0.5+10-LTS"/>
    <property name="sun.boot.library.path" value="/home/rhel7/java/jdk-11.0.5/lib"/>
    <property name="maven.multiModuleProjectDirectory" value="/home/rhel7/practicas/e2e-tests"/>
    <property name="java.vm.vendor" value="Oracle Corporation"/>
    <property name="java.vendor.url" value="http://java.oracle.com/"/>
    <property name="guice.disable.misplaced.annotation.check" value="true"/>
    <property name="path.separator" value=":"/>
    <property name="java.vm.name" value="Java HotSpot(TM) 64-Bit Server VM"/>
    <property name="sun.os.patch.level" value="unknown"/>
    <property name="user.country" value="US"/>
    <property name="sun.java.launcher" value="SUN_STANDARD"/>
    <property name="java.vm.specification.name" value="Java Virtual Machine Specification"/>
    <property name="user.dir" value="/home/rhel7/practicas/e2e-tests"/>
    <property name="java.vm.compressedOopsMode" value="32-bit"/>
    <property name="java.runtime.version" value="11.0.5+10-LTS"/>
    <property name="java.awt.graphicsenv" value="sun.awt.X11GraphicsEnvironment"/>
    <property name="os.arch" value="amd64"/>
    <property name="java.io.tmpdir" value="/tmp"/>
    <property name="line.separator" value="
"/>
    <property name="java.vm.specification.vendor" value="Oracle Corporation"/>
    <property name="os.name" value="Linux"/>
    <property name="classworlds.conf" value="/home/rhel7/maven/apache-maven-3.6.2/bin/m2.conf"/>
    <property name="sun.jnu.encoding" value="UTF-8"/>
    <property name="java.library.path" value="/usr/java/packages/lib:/usr/lib64:/lib64:/lib:/usr/lib"/>
    <property name="maven.conf" value="/home/rhel7/maven/apache-maven-3.6.2/conf"/>
    <property name="jdk.debug" value="release"/>
    <property name="java.class.version" value="55.0"/>
    <property name="java.specification.name" value="Java Platform API Specification"/>
    <property name="sun.management.compiler" value="HotSpot 64-Bit Tiered Compilers"/>
    <property name="os.version" value="4.14.35-1902.3.2.el7uek.x86_64"/>
    <property name="library.jansi.path" value="/home/rhel7/maven/apache-maven-3.6.2/lib/jansi-native"/>
    <property name="user.home" value="/home/rhel7"/>
    <property name="user.timezone" value="Europe/Madrid"/>
    <property name="java.awt.printerjob" value="sun.print.PSPrinterJob"/>
    <property name="file.encoding" value="UTF-8"/>
    <property name="java.specification.version" value="11"/>
    <property name="user.name" value="rhel7"/>
    <property name="java.class.path" value="/home/rhel7/maven/apache-maven-3.6.2/boot/plexus-classworlds-2.6.0.jar"/>
    <property name="java.vm.specification.version" value="11"/>
    <property name="sun.arch.data.model" value="64"/>
    <property name="sun.java.command" value="org.codehaus.plexus.classworlds.launcher.Launcher test"/>
    <property name="java.home" value="/home/rhel7/java/jdk-11.0.5"/>
    <property name="user.language" value="en"/>
    <property name="java.specification.vendor" value="Oracle Corporation"/>
    <property name="awt.toolkit" value="sun.awt.X11.XToolkit"/>
    <property name="java.vm.info" value="mixed mode"/>
    <property name="java.version" value="11.0.5"/>
    <property name="securerandom.source" value="file:/dev/./urandom"/>
    <property name="java.vendor" value="Oracle Corporation"/>
    <property name="maven.home" value="/home/rhel7/maven/apache-maven-3.6.2"/>
    <property name="file.separator" value="/"/>
    <property name="java.version.date" value="2019-10-15"/>
    <property name="java.vendor.url.bug" value="http://bugreport.java.com/bugreport/"/>
    <property name="sun.io.unicode.encoding" value="UnicodeLittle"/>
    <property name="sun.cpu.endian" value="little"/>
    <property name="java.vendor.version" value="18.9"/>
    <property name="sun.desktop" value="gnome"/>
    <property name="sun.cpu.isalist" value=""/>
  </properties>
  <testcase classname="Scenario: A user sends a higher number of right attempts and" name="When the user john_snow sends 2 right attempts" time="0"/>
  <testcase classname="Scenario: A user sends a higher number of right attempts and" name="And the user peter sends 1 right attempts" time="0"/>
  <testcase classname="Scenario: A user sends a higher number of right attempts and" name="Then the user john_snow is the number 1 on the leaderboard" time="0"/>
  <testcase classname="Scenario: A user sends a higher number of right attempts and" name="And the user peter is the number 2 on the leaderboard" time="0"/>
  <testcase classname="Scenario: A user sends a higher number of right attempts and" name="Scenario: A user sends a higher number of right attempts and" time="0.001"/>
  <testcase classname="Scenario: A user passes another one when gets higher score." name="Given the user john_snow sends 3 right attempts" time="0"/>
  <testcase classname="Scenario: A user passes another one when gets higher score." name="And the user peter sends 2 right attempts" time="0"/>
  <testcase classname="Scenario: A user passes another one when gets higher score." name="And the user john_snow is the number 1 on the leaderboard" time="0"/>
  <testcase classname="Scenario: A user passes another one when gets higher score." name="When the user peter sends 2 right attempts" time="0"/>
  <testcase classname="Scenario: A user passes another one when gets higher score." name="Then the user peter is the number 1 on the leaderboard" time="0"/>
  <testcase classname="Scenario: A user passes another one when gets higher score." name="And the user john_snow is the number 2 on the leaderboard" time="0"/>
  <testcase classname="Scenario: A user passes another one when gets higher score." name="Scenario: A user passes another one when gets higher score." time="0"/>
</testsuite>